\BOOKMARK [1][-]{section.1}{Introducci\363n}{}% 1
\BOOKMARK [1][-]{section.2}{Selecci\363n de la empresa}{}% 2
\BOOKMARK [2][-]{subsection.2.1}{Criterio de seleccion}{section.2}% 3
\BOOKMARK [2][-]{subsection.2.2}{Asignaci\363n de puntajes}{section.2}% 4
\BOOKMARK [2][-]{subsection.2.3}{Resultados}{section.2}% 5
\BOOKMARK [1][-]{section.3}{Empresa relevada}{}% 6
\BOOKMARK [2][-]{subsection.3.1}{Minuta de Reuni\363n 02/09/2013}{section.3}% 7
\BOOKMARK [2][-]{subsection.3.2}{Preguntas}{section.3}% 8
\BOOKMARK [3][-]{subsubsection.3.2.1}{Preguntas introductorias}{subsection.3.2}% 9
\BOOKMARK [2][-]{subsection.3.3}{Minuta de Reuni\363n 26/09/2013}{section.3}% 10
\BOOKMARK [3][-]{subsubsection.3.3.1}{Comercial}{subsection.3.3}% 11
\BOOKMARK [3][-]{subsubsection.3.3.2}{Producci\363n}{subsection.3.3}% 12
\BOOKMARK [3][-]{subsubsection.3.3.3}{R.R. H.H.}{subsection.3.3}% 13
\BOOKMARK [3][-]{subsubsection.3.3.4}{Finanzas}{subsection.3.3}% 14
\BOOKMARK [3][-]{subsubsection.3.3.5}{Control de Calidad}{subsection.3.3}% 15
\BOOKMARK [2][-]{subsection.3.4}{Organigrama relevado}{section.3}% 16
\BOOKMARK [3][-]{subsubsection.3.4.1}{Funciones, responsabilidades y autoridad de los sectores.}{subsection.3.4}% 17
\BOOKMARK [2][-]{subsection.3.5}{Estructura de la empresa}{section.3}% 18
\BOOKMARK [2][-]{subsection.3.6}{Minuta de Reuni\363n 26/09/2013}{section.3}% 19
\BOOKMARK [2][-]{subsection.3.7}{Mejora propuesta}{section.3}% 20
\BOOKMARK [3][-]{subsubsection.3.7.1}{Funciones y responsabilidades de los nuevos sectores}{subsection.3.7}% 21
\BOOKMARK [1][-]{section.4}{Conclusiones}{}% 22
\BOOKMARK [1][-]{section.5}{Casos de estudio}{}% 23
\BOOKMARK [2][-]{subsection.5.1}{Caso 1: Elevadores H\351rcules S.A.}{section.5}% 24
\BOOKMARK [3][-]{subsubsection.5.1.1}{Enunciado}{subsection.5.1}% 25
\BOOKMARK [3][-]{subsubsection.5.1.2}{Preguntas}{subsection.5.1}% 26
\BOOKMARK [2][-]{subsection.5.2}{Caso 2: Los Gringos S.A.}{section.5}% 27
\BOOKMARK [3][-]{subsubsection.5.2.1}{Enunciado}{subsection.5.2}% 28
\BOOKMARK [3][-]{subsubsection.5.2.2}{Preguntas}{subsection.5.2}% 29
\BOOKMARK [2][-]{subsection.5.3}{Caso 3: La Rapidez}{section.5}% 30
\BOOKMARK [3][-]{subsubsection.5.3.1}{Enunciado}{subsection.5.3}% 31
\BOOKMARK [3][-]{subsubsection.5.3.2}{Diagn\363stico}{subsection.5.3}% 32
\BOOKMARK [3][-]{subsubsection.5.3.3}{Posibles Soluciones}{subsection.5.3}% 33
